0 info it worked if it ends with ok
1 verbose cli [ 'C:\\Program Files\\nodejs\\node.exe',
1 verbose cli   'C:\\Program Files\\nodejs\\node_modules\\npm\\bin\\npm-cli.js',
1 verbose cli   'install',
1 verbose cli   'bootstrap-material-design@4.0.2' ]
2 info using npm@2.15.1
3 info using node@v6.6.0
4 verbose install initial load of C:\Users\Fabian\Documents\GitHub\WebDevelopment\ArribaOfficial\web-server-2016\package.json
5 warn package.json javascript-tutorial@1.0.0 No repository field.
6 verbose installManyTop reading scoped package data from C:\Users\Fabian\Documents\GitHub\WebDevelopment\ArribaOfficial\web-server-2016\node_modules\express\package.json
7 verbose readDependencies loading dependencies from C:\Users\Fabian\Documents\GitHub\WebDevelopment\ArribaOfficial\web-server-2016\package.json
8 silly cache add args [ 'bootstrap-material-design@4.0.2', null ]
9 verbose cache add spec bootstrap-material-design@4.0.2
10 silly cache add parsed spec Result {
10 silly cache add   raw: 'bootstrap-material-design@4.0.2',
10 silly cache add   scope: null,
10 silly cache add   name: 'bootstrap-material-design',
10 silly cache add   rawSpec: '4.0.2',
10 silly cache add   spec: '4.0.2',
10 silly cache add   type: 'version' }
11 silly addNamed bootstrap-material-design@4.0.2
12 verbose addNamed "4.0.2" is a plain semver version for bootstrap-material-design
13 silly mapToRegistry name bootstrap-material-design
14 silly mapToRegistry using default registry
15 silly mapToRegistry registry https://registry.npmjs.org/
16 silly mapToRegistry data Result {
16 silly mapToRegistry   raw: 'bootstrap-material-design',
16 silly mapToRegistry   scope: null,
16 silly mapToRegistry   name: 'bootstrap-material-design',
16 silly mapToRegistry   rawSpec: '',
16 silly mapToRegistry   spec: 'latest',
16 silly mapToRegistry   type: 'tag' }
17 silly mapToRegistry uri https://registry.npmjs.org/bootstrap-material-design
18 verbose addNameVersion registry:https://registry.npmjs.org/bootstrap-material-design not in flight; fetching
19 verbose request uri https://registry.npmjs.org/bootstrap-material-design
20 verbose request no auth needed
21 info attempt registry request try #1 at 2:53:20 PM
22 verbose request id b7b88ace3d53cf06
23 http request GET https://registry.npmjs.org/bootstrap-material-design
24 http 200 https://registry.npmjs.org/bootstrap-material-design
25 verbose headers { server: 'CouchDB/1.5.0 (Erlang OTP/R16B03)',
25 verbose headers   etag: '"CTFOGN12FUM93PEZ5C0HT6ODC"',
25 verbose headers   'content-type': 'application/json',
25 verbose headers   'content-encoding': 'gzip',
25 verbose headers   'cache-control': 'max-age=300',
25 verbose headers   'content-length': '8860',
25 verbose headers   'accept-ranges': 'bytes',
25 verbose headers   date: 'Sat, 24 Sep 2016 18:53:21 GMT',
25 verbose headers   via: '1.1 varnish',
25 verbose headers   age: '0',
25 verbose headers   connection: 'keep-alive',
25 verbose headers   'x-served-by': 'cache-sea1922-SEA',
25 verbose headers   'x-cache': 'MISS',
25 verbose headers   'x-cache-hits': '0',
25 verbose headers   'x-timer': 'S1474743201.547492,VS0,VE87',
25 verbose headers   vary: 'Accept-Encoding' }
26 silly get cb [ 200,
26 silly get   { server: 'CouchDB/1.5.0 (Erlang OTP/R16B03)',
26 silly get     etag: '"CTFOGN12FUM93PEZ5C0HT6ODC"',
26 silly get     'content-type': 'application/json',
26 silly get     'content-encoding': 'gzip',
26 silly get     'cache-control': 'max-age=300',
26 silly get     'content-length': '8860',
26 silly get     'accept-ranges': 'bytes',
26 silly get     date: 'Sat, 24 Sep 2016 18:53:21 GMT',
26 silly get     via: '1.1 varnish',
26 silly get     age: '0',
26 silly get     connection: 'keep-alive',
26 silly get     'x-served-by': 'cache-sea1922-SEA',
26 silly get     'x-cache': 'MISS',
26 silly get     'x-cache-hits': '0',
26 silly get     'x-timer': 'S1474743201.547492,VS0,VE87',
26 silly get     vary: 'Accept-Encoding' } ]
27 verbose get saving bootstrap-material-design to C:\Users\Fabian\AppData\Roaming\npm-cache\registry.npmjs.org\bootstrap-material-design\.cache.json
28 verbose correctMkdir C:\Users\Fabian\AppData\Roaming\npm-cache correctMkdir not in flight; initializing
29 verbose stack Error: version not found: bootstrap-material-design@4.0.2
29 verbose stack     at setData (C:\Program Files\nodejs\node_modules\npm\lib\cache\add-named.js:137:12)
29 verbose stack     at RES (C:\Program Files\nodejs\node_modules\npm\node_modules\inflight\inflight.js:23:14)
29 verbose stack     at f (C:\Program Files\nodejs\node_modules\npm\node_modules\once\once.js:17:25)
29 verbose stack     at fixName (C:\Program Files\nodejs\node_modules\npm\lib\cache\add-named.js:29:5)
29 verbose stack     at saved (C:\Program Files\nodejs\node_modules\npm\lib\cache\caching-client.js:173:7)
29 verbose stack     at C:\Program Files\nodejs\node_modules\npm\node_modules\graceful-fs\polyfills.js:210:7
29 verbose stack     at FSReqWrap.oncomplete (fs.js:123:15)
30 verbose statusCode 404
31 verbose cwd C:\Users\Fabian\Documents\GitHub\WebDevelopment\ArribaOfficial\web-server-2016
32 error Windows_NT 10.0.14393
33 error argv "C:\\Program Files\\nodejs\\node.exe" "C:\\Program Files\\nodejs\\node_modules\\npm\\bin\\npm-cli.js" "install" "bootstrap-material-design@4.0.2"
34 error node v6.6.0
35 error npm  v2.15.1
36 error version not found: bootstrap-material-design@4.0.2
37 error If you need help, you may report this error at:
37 error     <https://github.com/npm/npm/issues>
38 verbose exit [ 1, true ]
